12:18:24.560 [Daemon worker Thread 7] INFO  o.a.AndroidAnnotationProcessor:83 - Initialize AndroidAnnotations 3.3.2 with options {androidManifestFile=D:\My Projects\WeatherApps\app\build\intermediates\manifests\full\debug\AndroidManifest.xml, resourcePackageName=sharknado.project.weatherapp}
12:18:24.611 [Daemon worker Thread 7] INFO  o.a.AndroidAnnotationProcessor:107 - Start processing for 5 annotations on 10 elements
12:18:24.615 [Daemon worker Thread 7] DEBUG o.a.h.AndroidManifestFinder:98 - AndroidManifest.xml file found with specified path: D:\My Projects\WeatherApps\app\build\intermediates\manifests\full\debug\AndroidManifest.xml
12:18:24.619 [Daemon worker Thread 7] INFO  o.a.AndroidAnnotationProcessor:170 - AndroidManifest.xml found: AndroidManifest [applicationPackage=sharknado.project.weatherapp, componentQualifiedNames=[sharknado.project.weatherapp.OpenAppScreen_, sharknado.project.weatherapp.Login_, sharknado.project.weatherapp.Register_, sharknado.project.weatherapp.Weather_], permissionQualifiedNames=[android.permission.INTERNET, android.permission.ACCESS_NETWORK_STATE], applicationClassName=sharknado.project.weatherapp.WeatherAppGlobal_, libraryProject=false, debugabble=false, minSdkVersion=16, maxSdkVersion=-1, targetSdkVersion=21]
12:18:24.620 [Daemon worker Thread 7] INFO  o.a.r.ProjectRClassFinder:50 - Found project R class: sharknado.project.weatherapp.R
12:18:24.623 [Daemon worker Thread 7] INFO  o.a.r.AndroidRClassFinder:44 - Found Android class: android.R
12:18:24.633 [Daemon worker Thread 7] INFO  o.a.p.ModelValidator:42 - Validating elements
12:18:24.633 [Daemon worker Thread 7] DEBUG o.a.p.ModelValidator:62 - Validating with EApplicationHandler: [sharknado.project.weatherapp.WeatherAppGlobal]
12:18:24.633 [Daemon worker Thread 7] DEBUG o.a.p.ModelValidator:62 - Validating with EActivityHandler: [sharknado.project.weatherapp.Login, sharknado.project.weatherapp.OpenAppScreen, sharknado.project.weatherapp.Register, sharknado.project.weatherapp.Weather]
12:18:24.635 [Daemon worker Thread 7] DEBUG o.a.p.ModelValidator:62 - Validating with ViewByIdHandler: [create_account_check, userName, passWord, email]
12:18:24.637 [Daemon worker Thread 7] DEBUG o.a.p.ModelValidator:62 - Validating with ClickHandler: [createAccount()]
12:18:24.638 [Daemon worker Thread 7] DEBUG o.a.p.ModelValidator:62 - Validating with AppHandler: [App]
12:18:24.644 [Daemon worker Thread 7] INFO  o.a.p.ModelProcessor:74 - Processing root elements
12:18:24.644 [Daemon worker Thread 7] DEBUG o.a.p.ModelProcessor:176 - Processing root elements EApplicationHandler: [sharknado.project.weatherapp.WeatherAppGlobal]
12:18:24.654 [Daemon worker Thread 7] DEBUG o.a.p.ModelProcessor:176 - Processing root elements EActivityHandler: [sharknado.project.weatherapp.Login, sharknado.project.weatherapp.Register, sharknado.project.weatherapp.OpenAppScreen, sharknado.project.weatherapp.Weather]
12:18:24.700 [Daemon worker Thread 7] INFO  o.a.p.ModelProcessor:86 - Processing enclosed elements
12:18:24.700 [Daemon worker Thread 7] INFO  o.a.AndroidAnnotationProcessor:249 - Number of files generated by AndroidAnnotations: 5
12:18:24.700 [Daemon worker Thread 7] INFO  o.a.g.ApiCodeGenerator:52 - Writting following API classes in project: []
12:18:24.700 [Daemon worker Thread 7] DEBUG o.a.g.SourceCodewriter:55 - Generating class: sharknado.project.weatherapp.Login_
12:18:24.715 [Daemon worker Thread 7] DEBUG o.a.g.SourceCodewriter:55 - Generating class: sharknado.project.weatherapp.OpenAppScreen_
12:18:24.731 [Daemon worker Thread 7] DEBUG o.a.g.SourceCodewriter:55 - Generating class: sharknado.project.weatherapp.Register_
12:18:24.746 [Daemon worker Thread 7] DEBUG o.a.g.SourceCodewriter:55 - Generating class: sharknado.project.weatherapp.WeatherAppGlobal_
12:18:24.746 [Daemon worker Thread 7] DEBUG o.a.g.SourceCodewriter:55 - Generating class: sharknado.project.weatherapp.Weather_
12:18:24.762 [Daemon worker Thread 7] INFO  o.a.p.TimeStats:81 - Time measurements: [Whole Processing = 151 ms], [Process Annotations = 62 ms], [Generate Sources = 62 ms], [Find R Classes = 8 ms], [Validate Annotations = 6 ms], [Extract Manifest = 5 ms], [Extract Annotations = 2 ms], 
12:18:24.762 [Daemon worker Thread 7] INFO  o.a.AndroidAnnotationProcessor:121 - Finish processing
12:32:41.767 [Daemon worker Thread 12] INFO  o.a.AndroidAnnotationProcessor:83 - Initialize AndroidAnnotations 3.3.2 with options {androidManifestFile=D:\My Projects\WeatherApps\app\build\intermediates\manifests\full\debug\AndroidManifest.xml, resourcePackageName=sharknado.project.weatherapp}
12:32:41.817 [Daemon worker Thread 12] INFO  o.a.AndroidAnnotationProcessor:107 - Start processing for 5 annotations on 10 elements
12:32:41.821 [Daemon worker Thread 12] DEBUG o.a.h.AndroidManifestFinder:98 - AndroidManifest.xml file found with specified path: D:\My Projects\WeatherApps\app\build\intermediates\manifests\full\debug\AndroidManifest.xml
12:32:41.824 [Daemon worker Thread 12] INFO  o.a.AndroidAnnotationProcessor:170 - AndroidManifest.xml found: AndroidManifest [applicationPackage=sharknado.project.weatherapp, componentQualifiedNames=[sharknado.project.weatherapp.OpenAppScreen_, sharknado.project.weatherapp.Login_, sharknado.project.weatherapp.Register_, sharknado.project.weatherapp.Weather_], permissionQualifiedNames=[android.permission.INTERNET, android.permission.ACCESS_NETWORK_STATE], applicationClassName=sharknado.project.weatherapp.WeatherAppGlobal_, libraryProject=false, debugabble=false, minSdkVersion=16, maxSdkVersion=-1, targetSdkVersion=21]
12:32:41.825 [Daemon worker Thread 12] INFO  o.a.r.ProjectRClassFinder:50 - Found project R class: sharknado.project.weatherapp.R
12:32:41.828 [Daemon worker Thread 12] INFO  o.a.r.AndroidRClassFinder:44 - Found Android class: android.R
12:32:41.839 [Daemon worker Thread 12] INFO  o.a.p.ModelValidator:42 - Validating elements
12:32:41.839 [Daemon worker Thread 12] DEBUG o.a.p.ModelValidator:62 - Validating with EApplicationHandler: [sharknado.project.weatherapp.WeatherAppGlobal]
12:32:41.840 [Daemon worker Thread 12] DEBUG o.a.p.ModelValidator:62 - Validating with EActivityHandler: [sharknado.project.weatherapp.Login, sharknado.project.weatherapp.OpenAppScreen, sharknado.project.weatherapp.Register, sharknado.project.weatherapp.Weather]
12:32:41.842 [Daemon worker Thread 12] DEBUG o.a.p.ModelValidator:62 - Validating with ViewByIdHandler: [createAccount, create_account_check, userName, passWord, email]
12:32:41.843 [Daemon worker Thread 12] DEBUG o.a.p.ModelValidator:62 - Validating with ClickHandler: [createAccount(), createAccount()]
12:32:41.844 [Daemon worker Thread 12] DEBUG o.a.p.ModelValidator:62 - Validating with AppHandler: [App]
12:32:41.851 [Daemon worker Thread 12] INFO  o.a.p.ModelProcessor:74 - Processing root elements
12:32:41.851 [Daemon worker Thread 12] DEBUG o.a.p.ModelProcessor:176 - Processing root elements EApplicationHandler: [sharknado.project.weatherapp.WeatherAppGlobal]
12:32:41.860 [Daemon worker Thread 12] DEBUG o.a.p.ModelProcessor:176 - Processing root elements EActivityHandler: [sharknado.project.weatherapp.Weather, sharknado.project.weatherapp.OpenAppScreen, sharknado.project.weatherapp.Register, sharknado.project.weatherapp.Login]
12:32:41.874 [Daemon worker Thread 12] INFO  o.a.p.ModelProcessor:86 - Processing enclosed elements
12:32:41.876 [Daemon worker Thread 12] INFO  o.a.AndroidAnnotationProcessor:249 - Number of files generated by AndroidAnnotations: 5
12:32:41.877 [Daemon worker Thread 12] INFO  o.a.g.ApiCodeGenerator:52 - Writting following API classes in project: []
12:32:41.878 [Daemon worker Thread 12] DEBUG o.a.g.SourceCodewriter:55 - Generating class: sharknado.project.weatherapp.Login_
12:32:41.888 [Daemon worker Thread 12] DEBUG o.a.g.SourceCodewriter:55 - Generating class: sharknado.project.weatherapp.OpenAppScreen_
12:32:41.900 [Daemon worker Thread 12] DEBUG o.a.g.SourceCodewriter:55 - Generating class: sharknado.project.weatherapp.Register_
12:32:41.910 [Daemon worker Thread 12] DEBUG o.a.g.SourceCodewriter:55 - Generating class: sharknado.project.weatherapp.WeatherAppGlobal_
12:32:41.913 [Daemon worker Thread 12] DEBUG o.a.g.SourceCodewriter:55 - Generating class: sharknado.project.weatherapp.Weather_
12:32:41.919 [Daemon worker Thread 12] INFO  o.a.p.TimeStats:81 - Time measurements: [Whole Processing = 102 ms], [Generate Sources = 43 ms], [Process Annotations = 31 ms], [Find R Classes = 8 ms], [Validate Annotations = 6 ms], [Extract Manifest = 4 ms], [Extract Annotations = 2 ms], 
12:32:41.920 [Daemon worker Thread 12] INFO  o.a.AndroidAnnotationProcessor:121 - Finish processing
12:33:54.301 [Daemon worker Thread 13] INFO  o.a.AndroidAnnotationProcessor:83 - Initialize AndroidAnnotations 3.3.2 with options {androidManifestFile=D:\My Projects\WeatherApps\app\build\intermediates\manifests\full\debug\AndroidManifest.xml, resourcePackageName=sharknado.project.weatherapp}
12:33:54.345 [Daemon worker Thread 13] INFO  o.a.AndroidAnnotationProcessor:107 - Start processing for 5 annotations on 10 elements
12:33:54.347 [Daemon worker Thread 13] DEBUG o.a.h.AndroidManifestFinder:98 - AndroidManifest.xml file found with specified path: D:\My Projects\WeatherApps\app\build\intermediates\manifests\full\debug\AndroidManifest.xml
12:33:54.351 [Daemon worker Thread 13] INFO  o.a.AndroidAnnotationProcessor:170 - AndroidManifest.xml found: AndroidManifest [applicationPackage=sharknado.project.weatherapp, componentQualifiedNames=[sharknado.project.weatherapp.OpenAppScreen_, sharknado.project.weatherapp.Login_, sharknado.project.weatherapp.Register_, sharknado.project.weatherapp.Weather_], permissionQualifiedNames=[android.permission.INTERNET, android.permission.ACCESS_NETWORK_STATE], applicationClassName=sharknado.project.weatherapp.WeatherAppGlobal_, libraryProject=false, debugabble=false, minSdkVersion=16, maxSdkVersion=-1, targetSdkVersion=21]
12:33:54.351 [Daemon worker Thread 13] INFO  o.a.r.ProjectRClassFinder:50 - Found project R class: sharknado.project.weatherapp.R
12:33:54.354 [Daemon worker Thread 13] INFO  o.a.r.AndroidRClassFinder:44 - Found Android class: android.R
12:33:54.364 [Daemon worker Thread 13] INFO  o.a.p.ModelValidator:42 - Validating elements
12:33:54.364 [Daemon worker Thread 13] DEBUG o.a.p.ModelValidator:62 - Validating with EApplicationHandler: [sharknado.project.weatherapp.WeatherAppGlobal]
12:33:54.365 [Daemon worker Thread 13] DEBUG o.a.p.ModelValidator:62 - Validating with EActivityHandler: [sharknado.project.weatherapp.Login, sharknado.project.weatherapp.OpenAppScreen, sharknado.project.weatherapp.Register, sharknado.project.weatherapp.Weather]
12:33:54.366 [Daemon worker Thread 13] DEBUG o.a.p.ModelValidator:62 - Validating with ViewByIdHandler: [createAccount, create_account_check, userName, passWord, email]
12:33:54.368 [Daemon worker Thread 13] DEBUG o.a.p.ModelValidator:62 - Validating with ClickHandler: [createAccount()]
12:33:54.368 [Daemon worker Thread 13] DEBUG o.a.p.ModelValidator:62 - Validating with AppHandler: [App]
12:33:54.375 [Daemon worker Thread 13] INFO  o.a.p.ModelProcessor:74 - Processing root elements
12:33:54.375 [Daemon worker Thread 13] DEBUG o.a.p.ModelProcessor:176 - Processing root elements EApplicationHandler: [sharknado.project.weatherapp.WeatherAppGlobal]
12:33:54.384 [Daemon worker Thread 13] DEBUG o.a.p.ModelProcessor:176 - Processing root elements EActivityHandler: [sharknado.project.weatherapp.OpenAppScreen, sharknado.project.weatherapp.Login, sharknado.project.weatherapp.Weather, sharknado.project.weatherapp.Register]
12:33:54.396 [Daemon worker Thread 13] INFO  o.a.p.ModelProcessor:86 - Processing enclosed elements
12:33:54.398 [Daemon worker Thread 13] INFO  o.a.AndroidAnnotationProcessor:249 - Number of files generated by AndroidAnnotations: 5
12:33:54.399 [Daemon worker Thread 13] INFO  o.a.g.ApiCodeGenerator:52 - Writting following API classes in project: []
12:33:54.400 [Daemon worker Thread 13] DEBUG o.a.g.SourceCodewriter:55 - Generating class: sharknado.project.weatherapp.Login_
12:33:54.409 [Daemon worker Thread 13] DEBUG o.a.g.SourceCodewriter:55 - Generating class: sharknado.project.weatherapp.OpenAppScreen_
12:33:54.418 [Daemon worker Thread 13] DEBUG o.a.g.SourceCodewriter:55 - Generating class: sharknado.project.weatherapp.Register_
12:33:54.427 [Daemon worker Thread 13] DEBUG o.a.g.SourceCodewriter:55 - Generating class: sharknado.project.weatherapp.WeatherAppGlobal_
12:33:54.429 [Daemon worker Thread 13] DEBUG o.a.g.SourceCodewriter:55 - Generating class: sharknado.project.weatherapp.Weather_
12:33:54.435 [Daemon worker Thread 13] INFO  o.a.p.TimeStats:81 - Time measurements: [Whole Processing = 90 ms], [Generate Sources = 37 ms], [Process Annotations = 29 ms], [Find R Classes = 8 ms], [Validate Annotations = 5 ms], [Extract Manifest = 4 ms], [Extract Annotations = 1 ms], 
12:33:54.436 [Daemon worker Thread 13] INFO  o.a.AndroidAnnotationProcessor:121 - Finish processing
12:46:37.8 [Daemon worker Thread 15] INFO  o.a.AndroidAnnotationProcessor:83 - Initialize AndroidAnnotations 3.3.2 with options {androidManifestFile=D:\My Projects\WeatherApps\app\build\intermediates\manifests\full\debug\AndroidManifest.xml, resourcePackageName=sharknado.project.weatherapp}
12:46:37.77 [Daemon worker Thread 15] INFO  o.a.AndroidAnnotationProcessor:107 - Start processing for 5 annotations on 10 elements
12:46:37.81 [Daemon worker Thread 15] DEBUG o.a.h.AndroidManifestFinder:98 - AndroidManifest.xml file found with specified path: D:\My Projects\WeatherApps\app\build\intermediates\manifests\full\debug\AndroidManifest.xml
12:46:37.85 [Daemon worker Thread 15] INFO  o.a.AndroidAnnotationProcessor:170 - AndroidManifest.xml found: AndroidManifest [applicationPackage=sharknado.project.weatherapp, componentQualifiedNames=[sharknado.project.weatherapp.OpenAppScreen_, sharknado.project.weatherapp.Login_, sharknado.project.weatherapp.Register_, sharknado.project.weatherapp.Weather_], permissionQualifiedNames=[android.permission.INTERNET, android.permission.ACCESS_NETWORK_STATE], applicationClassName=sharknado.project.weatherapp.WeatherAppGlobal_, libraryProject=false, debugabble=false, minSdkVersion=16, maxSdkVersion=-1, targetSdkVersion=21]
12:46:37.86 [Daemon worker Thread 15] INFO  o.a.r.ProjectRClassFinder:50 - Found project R class: sharknado.project.weatherapp.R
12:46:37.91 [Daemon worker Thread 15] INFO  o.a.r.AndroidRClassFinder:44 - Found Android class: android.R
12:46:37.107 [Daemon worker Thread 15] INFO  o.a.p.ModelValidator:42 - Validating elements
12:46:37.107 [Daemon worker Thread 15] DEBUG o.a.p.ModelValidator:62 - Validating with EApplicationHandler: [sharknado.project.weatherapp.WeatherAppGlobal]
12:46:37.108 [Daemon worker Thread 15] DEBUG o.a.p.ModelValidator:62 - Validating with EActivityHandler: [sharknado.project.weatherapp.Login, sharknado.project.weatherapp.OpenAppScreen, sharknado.project.weatherapp.Register, sharknado.project.weatherapp.Weather]
12:46:37.110 [Daemon worker Thread 15] DEBUG o.a.p.ModelValidator:62 - Validating with ViewByIdHandler: [createAccount, create_account_check, userName, passWord, email]
12:46:37.113 [Daemon worker Thread 15] DEBUG o.a.p.ModelValidator:62 - Validating with ClickHandler: [createAccount()]
12:46:37.114 [Daemon worker Thread 15] DEBUG o.a.p.ModelValidator:62 - Validating with AppHandler: [App]
12:46:37.120 [Daemon worker Thread 15] INFO  o.a.p.ModelProcessor:74 - Processing root elements
12:46:37.120 [Daemon worker Thread 15] DEBUG o.a.p.ModelProcessor:176 - Processing root elements EApplicationHandler: [sharknado.project.weatherapp.WeatherAppGlobal]
12:46:37.130 [Daemon worker Thread 15] DEBUG o.a.p.ModelProcessor:176 - Processing root elements EActivityHandler: [sharknado.project.weatherapp.OpenAppScreen, sharknado.project.weatherapp.Weather, sharknado.project.weatherapp.Register, sharknado.project.weatherapp.Login]
12:46:37.145 [Daemon worker Thread 15] INFO  o.a.p.ModelProcessor:86 - Processing enclosed elements
12:46:37.147 [Daemon worker Thread 15] INFO  o.a.AndroidAnnotationProcessor:249 - Number of files generated by AndroidAnnotations: 5
12:46:37.148 [Daemon worker Thread 15] INFO  o.a.g.ApiCodeGenerator:52 - Writting following API classes in project: []
12:46:37.149 [Daemon worker Thread 15] DEBUG o.a.g.SourceCodewriter:55 - Generating class: sharknado.project.weatherapp.Login_
12:46:37.162 [Daemon worker Thread 15] DEBUG o.a.g.SourceCodewriter:55 - Generating class: sharknado.project.weatherapp.OpenAppScreen_
12:46:37.172 [Daemon worker Thread 15] DEBUG o.a.g.SourceCodewriter:55 - Generating class: sharknado.project.weatherapp.Register_
12:46:37.184 [Daemon worker Thread 15] DEBUG o.a.g.SourceCodewriter:55 - Generating class: sharknado.project.weatherapp.WeatherAppGlobal_
12:46:37.189 [Daemon worker Thread 15] DEBUG o.a.g.SourceCodewriter:55 - Generating class: sharknado.project.weatherapp.Weather_
12:46:37.201 [Daemon worker Thread 15] INFO  o.a.p.TimeStats:81 - Time measurements: [Whole Processing = 125 ms], [Generate Sources = 54 ms], [Process Annotations = 33 ms], [Find R Classes = 12 ms], [Validate Annotations = 8 ms], [Extract Manifest = 5 ms], [Extract Annotations = 2 ms], 
12:46:37.202 [Daemon worker Thread 15] INFO  o.a.AndroidAnnotationProcessor:121 - Finish processing
12:48:17.193 [Daemon worker Thread 16] INFO  o.a.AndroidAnnotationProcessor:83 - Initialize AndroidAnnotations 3.3.2 with options {androidManifestFile=D:\My Projects\WeatherApps\app\build\intermediates\manifests\full\debug\AndroidManifest.xml, resourcePackageName=sharknado.project.weatherapp}
12:48:17.244 [Daemon worker Thread 16] INFO  o.a.AndroidAnnotationProcessor:107 - Start processing for 5 annotations on 10 elements
12:48:17.246 [Daemon worker Thread 16] DEBUG o.a.h.AndroidManifestFinder:98 - AndroidManifest.xml file found with specified path: D:\My Projects\WeatherApps\app\build\intermediates\manifests\full\debug\AndroidManifest.xml
12:48:17.249 [Daemon worker Thread 16] INFO  o.a.AndroidAnnotationProcessor:170 - AndroidManifest.xml found: AndroidManifest [applicationPackage=sharknado.project.weatherapp, componentQualifiedNames=[sharknado.project.weatherapp.OpenAppScreen_, sharknado.project.weatherapp.Login_, sharknado.project.weatherapp.Register_, sharknado.project.weatherapp.Weather_], permissionQualifiedNames=[android.permission.INTERNET, android.permission.ACCESS_NETWORK_STATE], applicationClassName=sharknado.project.weatherapp.WeatherAppGlobal_, libraryProject=false, debugabble=false, minSdkVersion=16, maxSdkVersion=-1, targetSdkVersion=21]
12:48:17.250 [Daemon worker Thread 16] INFO  o.a.r.ProjectRClassFinder:50 - Found project R class: sharknado.project.weatherapp.R
12:48:17.253 [Daemon worker Thread 16] INFO  o.a.r.AndroidRClassFinder:44 - Found Android class: android.R
12:48:17.264 [Daemon worker Thread 16] INFO  o.a.p.ModelValidator:42 - Validating elements
12:48:17.264 [Daemon worker Thread 16] DEBUG o.a.p.ModelValidator:62 - Validating with EApplicationHandler: [sharknado.project.weatherapp.WeatherAppGlobal]
12:48:17.265 [Daemon worker Thread 16] DEBUG o.a.p.ModelValidator:62 - Validating with EActivityHandler: [sharknado.project.weatherapp.Login, sharknado.project.weatherapp.OpenAppScreen, sharknado.project.weatherapp.Register, sharknado.project.weatherapp.Weather]
12:48:17.266 [Daemon worker Thread 16] DEBUG o.a.p.ModelValidator:62 - Validating with ViewByIdHandler: [createAccount, create_account_check, userName, passWord, email]
12:48:17.268 [Daemon worker Thread 16] DEBUG o.a.p.ModelValidator:62 - Validating with ClickHandler: [createAccount()]
12:48:17.269 [Daemon worker Thread 16] DEBUG o.a.p.ModelValidator:62 - Validating with AppHandler: [App]
12:48:17.275 [Daemon worker Thread 16] INFO  o.a.p.ModelProcessor:74 - Processing root elements
12:48:17.275 [Daemon worker Thread 16] DEBUG o.a.p.ModelProcessor:176 - Processing root elements EApplicationHandler: [sharknado.project.weatherapp.WeatherAppGlobal]
12:48:17.284 [Daemon worker Thread 16] DEBUG o.a.p.ModelProcessor:176 - Processing root elements EActivityHandler: [sharknado.project.weatherapp.OpenAppScreen, sharknado.project.weatherapp.Weather, sharknado.project.weatherapp.Register, sharknado.project.weatherapp.Login]
12:48:17.297 [Daemon worker Thread 16] INFO  o.a.p.ModelProcessor:86 - Processing enclosed elements
12:48:17.299 [Daemon worker Thread 16] INFO  o.a.AndroidAnnotationProcessor:249 - Number of files generated by AndroidAnnotations: 5
12:48:17.300 [Daemon worker Thread 16] INFO  o.a.g.ApiCodeGenerator:52 - Writting following API classes in project: []
12:48:17.301 [Daemon worker Thread 16] DEBUG o.a.g.SourceCodewriter:55 - Generating class: sharknado.project.weatherapp.Login_
12:48:17.311 [Daemon worker Thread 16] DEBUG o.a.g.SourceCodewriter:55 - Generating class: sharknado.project.weatherapp.OpenAppScreen_
12:48:17.318 [Daemon worker Thread 16] DEBUG o.a.g.SourceCodewriter:55 - Generating class: sharknado.project.weatherapp.Register_
12:48:17.328 [Daemon worker Thread 16] DEBUG o.a.g.SourceCodewriter:55 - Generating class: sharknado.project.weatherapp.WeatherAppGlobal_
12:48:17.330 [Daemon worker Thread 16] DEBUG o.a.g.SourceCodewriter:55 - Generating class: sharknado.project.weatherapp.Weather_
12:48:17.336 [Daemon worker Thread 16] INFO  o.a.p.TimeStats:81 - Time measurements: [Whole Processing = 92 ms], [Generate Sources = 37 ms], [Process Annotations = 30 ms], [Find R Classes = 8 ms], [Validate Annotations = 5 ms], [Extract Manifest = 3 ms], [Extract Annotations = 2 ms], 
12:48:17.336 [Daemon worker Thread 16] INFO  o.a.AndroidAnnotationProcessor:121 - Finish processing
12:50:31.961 [Daemon worker Thread 17] INFO  o.a.AndroidAnnotationProcessor:83 - Initialize AndroidAnnotations 3.3.2 with options {androidManifestFile=D:\My Projects\WeatherApps\app\build\intermediates\manifests\full\debug\AndroidManifest.xml, resourcePackageName=sharknado.project.weatherapp}
12:50:32.5 [Daemon worker Thread 17] INFO  o.a.AndroidAnnotationProcessor:107 - Start processing for 5 annotations on 10 elements
12:50:32.8 [Daemon worker Thread 17] DEBUG o.a.h.AndroidManifestFinder:98 - AndroidManifest.xml file found with specified path: D:\My Projects\WeatherApps\app\build\intermediates\manifests\full\debug\AndroidManifest.xml
12:50:32.11 [Daemon worker Thread 17] INFO  o.a.AndroidAnnotationProcessor:170 - AndroidManifest.xml found: AndroidManifest [applicationPackage=sharknado.project.weatherapp, componentQualifiedNames=[sharknado.project.weatherapp.OpenAppScreen_, sharknado.project.weatherapp.Login_, sharknado.project.weatherapp.Register_, sharknado.project.weatherapp.Weather_], permissionQualifiedNames=[android.permission.INTERNET, android.permission.ACCESS_NETWORK_STATE], applicationClassName=sharknado.project.weatherapp.WeatherAppGlobal_, libraryProject=false, debugabble=false, minSdkVersion=16, maxSdkVersion=-1, targetSdkVersion=21]
12:50:32.12 [Daemon worker Thread 17] INFO  o.a.r.ProjectRClassFinder:50 - Found project R class: sharknado.project.weatherapp.R
12:50:32.15 [Daemon worker Thread 17] INFO  o.a.r.AndroidRClassFinder:44 - Found Android class: android.R
12:50:32.25 [Daemon worker Thread 17] INFO  o.a.p.ModelValidator:42 - Validating elements
12:50:32.25 [Daemon worker Thread 17] DEBUG o.a.p.ModelValidator:62 - Validating with EApplicationHandler: [sharknado.project.weatherapp.WeatherAppGlobal]
12:50:32.26 [Daemon worker Thread 17] DEBUG o.a.p.ModelValidator:62 - Validating with EActivityHandler: [sharknado.project.weatherapp.Login, sharknado.project.weatherapp.OpenAppScreen, sharknado.project.weatherapp.Register, sharknado.project.weatherapp.Weather]
12:50:32.27 [Daemon worker Thread 17] DEBUG o.a.p.ModelValidator:62 - Validating with ViewByIdHandler: [createAccount, create_account_check, userName, passWord, email]
12:50:32.29 [Daemon worker Thread 17] DEBUG o.a.p.ModelValidator:62 - Validating with ClickHandler: [createAccount()]
12:50:32.30 [Daemon worker Thread 17] DEBUG o.a.p.ModelValidator:62 - Validating with AppHandler: [App]
12:50:32.36 [Daemon worker Thread 17] INFO  o.a.p.ModelProcessor:74 - Processing root elements
12:50:32.36 [Daemon worker Thread 17] DEBUG o.a.p.ModelProcessor:176 - Processing root elements EApplicationHandler: [sharknado.project.weatherapp.WeatherAppGlobal]
12:50:32.45 [Daemon worker Thread 17] DEBUG o.a.p.ModelProcessor:176 - Processing root elements EActivityHandler: [sharknado.project.weatherapp.Login, sharknado.project.weatherapp.OpenAppScreen, sharknado.project.weatherapp.Register, sharknado.project.weatherapp.Weather]
12:50:32.59 [Daemon worker Thread 17] INFO  o.a.p.ModelProcessor:86 - Processing enclosed elements
12:50:32.61 [Daemon worker Thread 17] INFO  o.a.AndroidAnnotationProcessor:249 - Number of files generated by AndroidAnnotations: 5
12:50:32.62 [Daemon worker Thread 17] INFO  o.a.g.ApiCodeGenerator:52 - Writting following API classes in project: []
12:50:32.63 [Daemon worker Thread 17] DEBUG o.a.g.SourceCodewriter:55 - Generating class: sharknado.project.weatherapp.Login_
12:50:32.73 [Daemon worker Thread 17] DEBUG o.a.g.SourceCodewriter:55 - Generating class: sharknado.project.weatherapp.OpenAppScreen_
12:50:32.80 [Daemon worker Thread 17] DEBUG o.a.g.SourceCodewriter:55 - Generating class: sharknado.project.weatherapp.Register_
12:50:32.90 [Daemon worker Thread 17] DEBUG o.a.g.SourceCodewriter:55 - Generating class: sharknado.project.weatherapp.WeatherAppGlobal_
12:50:32.92 [Daemon worker Thread 17] DEBUG o.a.g.SourceCodewriter:55 - Generating class: sharknado.project.weatherapp.Weather_
12:50:32.98 [Daemon worker Thread 17] INFO  o.a.p.TimeStats:81 - Time measurements: [Whole Processing = 93 ms], [Generate Sources = 37 ms], [Process Annotations = 31 ms], [Find R Classes = 7 ms], [Validate Annotations = 6 ms], [Extract Manifest = 4 ms], [Extract Annotations = 1 ms], 
12:50:32.98 [Daemon worker Thread 17] INFO  o.a.AndroidAnnotationProcessor:121 - Finish processing
12:51:48.530 [Daemon worker Thread 18] INFO  o.a.AndroidAnnotationProcessor:83 - Initialize AndroidAnnotations 3.3.2 with options {androidManifestFile=D:\My Projects\WeatherApps\app\build\intermediates\manifests\full\debug\AndroidManifest.xml, resourcePackageName=sharknado.project.weatherapp}
12:51:48.577 [Daemon worker Thread 18] INFO  o.a.AndroidAnnotationProcessor:107 - Start processing for 5 annotations on 10 elements
12:51:48.580 [Daemon worker Thread 18] DEBUG o.a.h.AndroidManifestFinder:98 - AndroidManifest.xml file found with specified path: D:\My Projects\WeatherApps\app\build\intermediates\manifests\full\debug\AndroidManifest.xml
12:51:48.582 [Daemon worker Thread 18] INFO  o.a.AndroidAnnotationProcessor:170 - AndroidManifest.xml found: AndroidManifest [applicationPackage=sharknado.project.weatherapp, componentQualifiedNames=[sharknado.project.weatherapp.OpenAppScreen_, sharknado.project.weatherapp.Login_, sharknado.project.weatherapp.Register_, sharknado.project.weatherapp.Weather_], permissionQualifiedNames=[android.permission.INTERNET, android.permission.ACCESS_NETWORK_STATE], applicationClassName=sharknado.project.weatherapp.WeatherAppGlobal_, libraryProject=false, debugabble=false, minSdkVersion=16, maxSdkVersion=-1, targetSdkVersion=21]
12:51:48.583 [Daemon worker Thread 18] INFO  o.a.r.ProjectRClassFinder:50 - Found project R class: sharknado.project.weatherapp.R
12:51:48.585 [Daemon worker Thread 18] INFO  o.a.r.AndroidRClassFinder:44 - Found Android class: android.R
12:51:48.595 [Daemon worker Thread 18] INFO  o.a.p.ModelValidator:42 - Validating elements
12:51:48.595 [Daemon worker Thread 18] DEBUG o.a.p.ModelValidator:62 - Validating with EApplicationHandler: [sharknado.project.weatherapp.WeatherAppGlobal]
12:51:48.596 [Daemon worker Thread 18] DEBUG o.a.p.ModelValidator:62 - Validating with EActivityHandler: [sharknado.project.weatherapp.Login, sharknado.project.weatherapp.OpenAppScreen, sharknado.project.weatherapp.Register, sharknado.project.weatherapp.Weather]
12:51:48.597 [Daemon worker Thread 18] DEBUG o.a.p.ModelValidator:62 - Validating with ViewByIdHandler: [createAccount, create_account_check, userName, passWord, email]
12:51:48.599 [Daemon worker Thread 18] DEBUG o.a.p.ModelValidator:62 - Validating with ClickHandler: [createAccount()]
12:51:48.600 [Daemon worker Thread 18] DEBUG o.a.p.ModelValidator:62 - Validating with AppHandler: [App]
12:51:48.606 [Daemon worker Thread 18] INFO  o.a.p.ModelProcessor:74 - Processing root elements
12:51:48.606 [Daemon worker Thread 18] DEBUG o.a.p.ModelProcessor:176 - Processing root elements EApplicationHandler: [sharknado.project.weatherapp.WeatherAppGlobal]
12:51:48.616 [Daemon worker Thread 18] DEBUG o.a.p.ModelProcessor:176 - Processing root elements EActivityHandler: [sharknado.project.weatherapp.Login, sharknado.project.weatherapp.Weather, sharknado.project.weatherapp.OpenAppScreen, sharknado.project.weatherapp.Register]
12:51:48.629 [Daemon worker Thread 18] INFO  o.a.p.ModelProcessor:86 - Processing enclosed elements
12:51:48.631 [Daemon worker Thread 18] INFO  o.a.AndroidAnnotationProcessor:249 - Number of files generated by AndroidAnnotations: 5
12:51:48.633 [Daemon worker Thread 18] INFO  o.a.g.ApiCodeGenerator:52 - Writting following API classes in project: []
12:51:48.634 [Daemon worker Thread 18] DEBUG o.a.g.SourceCodewriter:55 - Generating class: sharknado.project.weatherapp.Login_
12:51:48.644 [Daemon worker Thread 18] DEBUG o.a.g.SourceCodewriter:55 - Generating class: sharknado.project.weatherapp.OpenAppScreen_
12:51:48.653 [Daemon worker Thread 18] DEBUG o.a.g.SourceCodewriter:55 - Generating class: sharknado.project.weatherapp.Register_
12:51:48.667 [Daemon worker Thread 18] DEBUG o.a.g.SourceCodewriter:55 - Generating class: sharknado.project.weatherapp.WeatherAppGlobal_
12:51:48.671 [Daemon worker Thread 18] DEBUG o.a.g.SourceCodewriter:55 - Generating class: sharknado.project.weatherapp.Weather_
12:51:48.680 [Daemon worker Thread 18] INFO  o.a.p.TimeStats:81 - Time measurements: [Whole Processing = 103 ms], [Generate Sources = 49 ms], [Process Annotations = 31 ms], [Find R Classes = 8 ms], [Validate Annotations = 5 ms], [Extract Manifest = 3 ms], [Extract Annotations = 2 ms], 
12:51:48.680 [Daemon worker Thread 18] INFO  o.a.AndroidAnnotationProcessor:121 - Finish processing
12:53:27.105 [Daemon worker Thread 19] INFO  o.a.AndroidAnnotationProcessor:83 - Initialize AndroidAnnotations 3.3.2 with options {androidManifestFile=D:\My Projects\WeatherApps\app\build\intermediates\manifests\full\debug\AndroidManifest.xml, resourcePackageName=sharknado.project.weatherapp}
12:53:27.151 [Daemon worker Thread 19] INFO  o.a.AndroidAnnotationProcessor:107 - Start processing for 5 annotations on 10 elements
12:53:27.154 [Daemon worker Thread 19] DEBUG o.a.h.AndroidManifestFinder:98 - AndroidManifest.xml file found with specified path: D:\My Projects\WeatherApps\app\build\intermediates\manifests\full\debug\AndroidManifest.xml
12:53:27.157 [Daemon worker Thread 19] INFO  o.a.AndroidAnnotationProcessor:170 - AndroidManifest.xml found: AndroidManifest [applicationPackage=sharknado.project.weatherapp, componentQualifiedNames=[sharknado.project.weatherapp.OpenAppScreen_, sharknado.project.weatherapp.Login_, sharknado.project.weatherapp.Register_, sharknado.project.weatherapp.Weather_], permissionQualifiedNames=[android.permission.INTERNET, android.permission.ACCESS_NETWORK_STATE], applicationClassName=sharknado.project.weatherapp.WeatherAppGlobal_, libraryProject=false, debugabble=false, minSdkVersion=16, maxSdkVersion=-1, targetSdkVersion=21]
12:53:27.157 [Daemon worker Thread 19] INFO  o.a.r.ProjectRClassFinder:50 - Found project R class: sharknado.project.weatherapp.R
12:53:27.161 [Daemon worker Thread 19] INFO  o.a.r.AndroidRClassFinder:44 - Found Android class: android.R
12:53:27.172 [Daemon worker Thread 19] INFO  o.a.p.ModelValidator:42 - Validating elements
12:53:27.172 [Daemon worker Thread 19] DEBUG o.a.p.ModelValidator:62 - Validating with EApplicationHandler: [sharknado.project.weatherapp.WeatherAppGlobal]
12:53:27.173 [Daemon worker Thread 19] DEBUG o.a.p.ModelValidator:62 - Validating with EActivityHandler: [sharknado.project.weatherapp.Login, sharknado.project.weatherapp.OpenAppScreen, sharknado.project.weatherapp.Register, sharknado.project.weatherapp.Weather]
12:53:27.175 [Daemon worker Thread 19] DEBUG o.a.p.ModelValidator:62 - Validating with ViewByIdHandler: [createAccount, create_account_check, userName, passWord, email]
12:53:27.177 [Daemon worker Thread 19] DEBUG o.a.p.ModelValidator:62 - Validating with ClickHandler: [createAccount(), createAccount()]
12:53:27.178 [Daemon worker Thread 19] DEBUG o.a.p.ModelValidator:62 - Validating with AppHandler: [App]
12:53:27.184 [Daemon worker Thread 19] INFO  o.a.p.ModelProcessor:74 - Processing root elements
12:53:27.184 [Daemon worker Thread 19] DEBUG o.a.p.ModelProcessor:176 - Processing root elements EApplicationHandler: [sharknado.project.weatherapp.WeatherAppGlobal]
12:53:27.193 [Daemon worker Thread 19] DEBUG o.a.p.ModelProcessor:176 - Processing root elements EActivityHandler: [sharknado.project.weatherapp.Register, sharknado.project.weatherapp.Login, sharknado.project.weatherapp.Weather, sharknado.project.weatherapp.OpenAppScreen]
12:53:27.205 [Daemon worker Thread 19] INFO  o.a.p.ModelProcessor:86 - Processing enclosed elements
12:53:27.207 [Daemon worker Thread 19] INFO  o.a.AndroidAnnotationProcessor:249 - Number of files generated by AndroidAnnotations: 5
12:53:27.208 [Daemon worker Thread 19] INFO  o.a.g.ApiCodeGenerator:52 - Writting following API classes in project: []
12:53:27.209 [Daemon worker Thread 19] DEBUG o.a.g.SourceCodewriter:55 - Generating class: sharknado.project.weatherapp.Login_
12:53:27.218 [Daemon worker Thread 19] DEBUG o.a.g.SourceCodewriter:55 - Generating class: sharknado.project.weatherapp.OpenAppScreen_
12:53:27.228 [Daemon worker Thread 19] DEBUG o.a.g.SourceCodewriter:55 - Generating class: sharknado.project.weatherapp.Register_
12:53:27.238 [Daemon worker Thread 19] DEBUG o.a.g.SourceCodewriter:55 - Generating class: sharknado.project.weatherapp.WeatherAppGlobal_
12:53:27.240 [Daemon worker Thread 19] DEBUG o.a.g.SourceCodewriter:55 - Generating class: sharknado.project.weatherapp.Weather_
12:53:27.246 [Daemon worker Thread 19] INFO  o.a.p.TimeStats:81 - Time measurements: [Whole Processing = 95 ms], [Generate Sources = 39 ms], [Process Annotations = 29 ms], [Find R Classes = 8 ms], [Validate Annotations = 6 ms], [Extract Manifest = 4 ms], [Extract Annotations = 2 ms], 
12:53:27.246 [Daemon worker Thread 19] INFO  o.a.AndroidAnnotationProcessor:121 - Finish processing
12:56:10.818 [Daemon worker Thread 20] INFO  o.a.AndroidAnnotationProcessor:83 - Initialize AndroidAnnotations 3.3.2 with options {androidManifestFile=D:\My Projects\WeatherApps\app\build\intermediates\manifests\full\debug\AndroidManifest.xml, resourcePackageName=sharknado.project.weatherapp}
12:56:10.873 [Daemon worker Thread 20] INFO  o.a.AndroidAnnotationProcessor:107 - Start processing for 5 annotations on 10 elements
12:56:10.876 [Daemon worker Thread 20] DEBUG o.a.h.AndroidManifestFinder:98 - AndroidManifest.xml file found with specified path: D:\My Projects\WeatherApps\app\build\intermediates\manifests\full\debug\AndroidManifest.xml
12:56:10.879 [Daemon worker Thread 20] INFO  o.a.AndroidAnnotationProcessor:170 - AndroidManifest.xml found: AndroidManifest [applicationPackage=sharknado.project.weatherapp, componentQualifiedNames=[sharknado.project.weatherapp.OpenAppScreen_, sharknado.project.weatherapp.Login_, sharknado.project.weatherapp.Register_, sharknado.project.weatherapp.Weather_], permissionQualifiedNames=[android.permission.INTERNET, android.permission.ACCESS_NETWORK_STATE], applicationClassName=sharknado.project.weatherapp.WeatherAppGlobal_, libraryProject=false, debugabble=false, minSdkVersion=16, maxSdkVersion=-1, targetSdkVersion=21]
12:56:10.879 [Daemon worker Thread 20] INFO  o.a.r.ProjectRClassFinder:50 - Found project R class: sharknado.project.weatherapp.R
12:56:10.882 [Daemon worker Thread 20] INFO  o.a.r.AndroidRClassFinder:44 - Found Android class: android.R
12:56:10.893 [Daemon worker Thread 20] INFO  o.a.p.ModelValidator:42 - Validating elements
12:56:10.893 [Daemon worker Thread 20] DEBUG o.a.p.ModelValidator:62 - Validating with EApplicationHandler: [sharknado.project.weatherapp.WeatherAppGlobal]
12:56:10.893 [Daemon worker Thread 20] DEBUG o.a.p.ModelValidator:62 - Validating with EActivityHandler: [sharknado.project.weatherapp.Login, sharknado.project.weatherapp.OpenAppScreen, sharknado.project.weatherapp.Register, sharknado.project.weatherapp.Weather]
12:56:10.895 [Daemon worker Thread 20] DEBUG o.a.p.ModelValidator:62 - Validating with ViewByIdHandler: [createAccount, create_account_check, userName, passWord, email]
12:56:10.896 [Daemon worker Thread 20] DEBUG o.a.p.ModelValidator:62 - Validating with ClickHandler: [createAccount(), createAccount()]
12:56:10.897 [Daemon worker Thread 20] DEBUG o.a.p.ModelValidator:62 - Validating with AppHandler: [App]
12:56:10.903 [Daemon worker Thread 20] INFO  o.a.p.ModelProcessor:74 - Processing root elements
12:56:10.903 [Daemon worker Thread 20] DEBUG o.a.p.ModelProcessor:176 - Processing root elements EApplicationHandler: [sharknado.project.weatherapp.WeatherAppGlobal]
12:56:10.913 [Daemon worker Thread 20] DEBUG o.a.p.ModelProcessor:176 - Processing root elements EActivityHandler: [sharknado.project.weatherapp.Weather, sharknado.project.weatherapp.OpenAppScreen, sharknado.project.weatherapp.Login, sharknado.project.weatherapp.Register]
12:56:10.926 [Daemon worker Thread 20] INFO  o.a.p.ModelProcessor:86 - Processing enclosed elements
12:56:10.928 [Daemon worker Thread 20] INFO  o.a.AndroidAnnotationProcessor:249 - Number of files generated by AndroidAnnotations: 5
12:56:10.929 [Daemon worker Thread 20] INFO  o.a.g.ApiCodeGenerator:52 - Writting following API classes in project: []
12:56:10.930 [Daemon worker Thread 20] DEBUG o.a.g.SourceCodewriter:55 - Generating class: sharknado.project.weatherapp.Login_
12:56:10.941 [Daemon worker Thread 20] DEBUG o.a.g.SourceCodewriter:55 - Generating class: sharknado.project.weatherapp.OpenAppScreen_
12:56:10.949 [Daemon worker Thread 20] DEBUG o.a.g.SourceCodewriter:55 - Generating class: sharknado.project.weatherapp.Register_
12:56:10.959 [Daemon worker Thread 20] DEBUG o.a.g.SourceCodewriter:55 - Generating class: sharknado.project.weatherapp.WeatherAppGlobal_
12:56:10.961 [Daemon worker Thread 20] DEBUG o.a.g.SourceCodewriter:55 - Generating class: sharknado.project.weatherapp.Weather_
12:56:10.967 [Daemon worker Thread 20] INFO  o.a.p.TimeStats:81 - Time measurements: [Whole Processing = 94 ms], [Generate Sources = 39 ms], [Process Annotations = 30 ms], [Find R Classes = 8 ms], [Validate Annotations = 6 ms], [Extract Manifest = 4 ms], [Extract Annotations = 1 ms], 
12:56:10.968 [Daemon worker Thread 20] INFO  o.a.AndroidAnnotationProcessor:121 - Finish processing
12:57:03.42 [Daemon worker Thread 20] INFO  o.a.AndroidAnnotationProcessor:83 - Initialize AndroidAnnotations 3.3.2 with options {androidManifestFile=D:\My Projects\WeatherApps\app\build\intermediates\manifests\full\debug\AndroidManifest.xml, resourcePackageName=sharknado.project.weatherapp}
12:57:03.88 [Daemon worker Thread 20] INFO  o.a.AndroidAnnotationProcessor:107 - Start processing for 5 annotations on 10 elements
12:57:03.90 [Daemon worker Thread 20] DEBUG o.a.h.AndroidManifestFinder:98 - AndroidManifest.xml file found with specified path: D:\My Projects\WeatherApps\app\build\intermediates\manifests\full\debug\AndroidManifest.xml
12:57:03.93 [Daemon worker Thread 20] INFO  o.a.AndroidAnnotationProcessor:170 - AndroidManifest.xml found: AndroidManifest [applicationPackage=sharknado.project.weatherapp, componentQualifiedNames=[sharknado.project.weatherapp.OpenAppScreen_, sharknado.project.weatherapp.Login_, sharknado.project.weatherapp.Register_, sharknado.project.weatherapp.Weather_], permissionQualifiedNames=[android.permission.INTERNET, android.permission.ACCESS_NETWORK_STATE], applicationClassName=sharknado.project.weatherapp.WeatherAppGlobal_, libraryProject=false, debugabble=false, minSdkVersion=16, maxSdkVersion=-1, targetSdkVersion=21]
12:57:03.94 [Daemon worker Thread 20] INFO  o.a.r.ProjectRClassFinder:50 - Found project R class: sharknado.project.weatherapp.R
12:57:03.97 [Daemon worker Thread 20] INFO  o.a.r.AndroidRClassFinder:44 - Found Android class: android.R
12:57:03.107 [Daemon worker Thread 20] INFO  o.a.p.ModelValidator:42 - Validating elements
12:57:03.107 [Daemon worker Thread 20] DEBUG o.a.p.ModelValidator:62 - Validating with EApplicationHandler: [sharknado.project.weatherapp.WeatherAppGlobal]
12:57:03.108 [Daemon worker Thread 20] DEBUG o.a.p.ModelValidator:62 - Validating with EActivityHandler: [sharknado.project.weatherapp.Login, sharknado.project.weatherapp.OpenAppScreen, sharknado.project.weatherapp.Register, sharknado.project.weatherapp.Weather]
12:57:03.109 [Daemon worker Thread 20] DEBUG o.a.p.ModelValidator:62 - Validating with ViewByIdHandler: [createAccount, create_account_check, userName, passWord, email]
12:57:03.111 [Daemon worker Thread 20] DEBUG o.a.p.ModelValidator:62 - Validating with ClickHandler: [createAccount(), createAccount()]
12:57:03.112 [Daemon worker Thread 20] DEBUG o.a.p.ModelValidator:62 - Validating with AppHandler: [App]
12:57:03.118 [Daemon worker Thread 20] INFO  o.a.p.ModelProcessor:74 - Processing root elements
12:57:03.118 [Daemon worker Thread 20] DEBUG o.a.p.ModelProcessor:176 - Processing root elements EApplicationHandler: [sharknado.project.weatherapp.WeatherAppGlobal]
12:57:03.127 [Daemon worker Thread 20] DEBUG o.a.p.ModelProcessor:176 - Processing root elements EActivityHandler: [sharknado.project.weatherapp.Weather, sharknado.project.weatherapp.Login, sharknado.project.weatherapp.Register, sharknado.project.weatherapp.OpenAppScreen]
12:57:03.139 [Daemon worker Thread 20] INFO  o.a.p.ModelProcessor:86 - Processing enclosed elements
12:57:03.141 [Daemon worker Thread 20] INFO  o.a.AndroidAnnotationProcessor:249 - Number of files generated by AndroidAnnotations: 5
12:57:03.142 [Daemon worker Thread 20] INFO  o.a.g.ApiCodeGenerator:52 - Writting following API classes in project: []
12:57:03.143 [Daemon worker Thread 20] DEBUG o.a.g.SourceCodewriter:55 - Generating class: sharknado.project.weatherapp.Login_
12:57:03.152 [Daemon worker Thread 20] DEBUG o.a.g.SourceCodewriter:55 - Generating class: sharknado.project.weatherapp.OpenAppScreen_
12:57:03.160 [Daemon worker Thread 20] DEBUG o.a.g.SourceCodewriter:55 - Generating class: sharknado.project.weatherapp.Register_
12:57:03.171 [Daemon worker Thread 20] DEBUG o.a.g.SourceCodewriter:55 - Generating class: sharknado.project.weatherapp.WeatherAppGlobal_
12:57:03.173 [Daemon worker Thread 20] DEBUG o.a.g.SourceCodewriter:55 - Generating class: sharknado.project.weatherapp.Weather_
12:57:03.179 [Daemon worker Thread 20] INFO  o.a.p.TimeStats:81 - Time measurements: [Whole Processing = 92 ms], [Generate Sources = 38 ms], [Process Annotations = 29 ms], [Find R Classes = 8 ms], [Validate Annotations = 5 ms], [Extract Manifest = 4 ms], [Extract Annotations = 1 ms], 
12:57:03.179 [Daemon worker Thread 20] INFO  o.a.AndroidAnnotationProcessor:121 - Finish processing
13:07:39.853 [Daemon worker Thread 21] INFO  o.a.AndroidAnnotationProcessor:83 - Initialize AndroidAnnotations 3.3.2 with options {androidManifestFile=D:\My Projects\WeatherApps\app\build\intermediates\manifests\full\debug\AndroidManifest.xml, resourcePackageName=sharknado.project.weatherapp}
13:07:39.900 [Daemon worker Thread 21] INFO  o.a.AndroidAnnotationProcessor:107 - Start processing for 5 annotations on 10 elements
13:07:39.903 [Daemon worker Thread 21] DEBUG o.a.h.AndroidManifestFinder:98 - AndroidManifest.xml file found with specified path: D:\My Projects\WeatherApps\app\build\intermediates\manifests\full\debug\AndroidManifest.xml
13:07:39.906 [Daemon worker Thread 21] INFO  o.a.AndroidAnnotationProcessor:170 - AndroidManifest.xml found: AndroidManifest [applicationPackage=sharknado.project.weatherapp, componentQualifiedNames=[sharknado.project.weatherapp.OpenAppScreen_, sharknado.project.weatherapp.Login_, sharknado.project.weatherapp.Register_, sharknado.project.weatherapp.Weather_], permissionQualifiedNames=[android.permission.INTERNET, android.permission.ACCESS_NETWORK_STATE], applicationClassName=sharknado.project.weatherapp.WeatherAppGlobal_, libraryProject=false, debugabble=false, minSdkVersion=16, maxSdkVersion=-1, targetSdkVersion=21]
13:07:39.906 [Daemon worker Thread 21] INFO  o.a.r.ProjectRClassFinder:50 - Found project R class: sharknado.project.weatherapp.R
13:07:39.909 [Daemon worker Thread 21] INFO  o.a.r.AndroidRClassFinder:44 - Found Android class: android.R
13:07:39.919 [Daemon worker Thread 21] INFO  o.a.p.ModelValidator:42 - Validating elements
13:07:39.920 [Daemon worker Thread 21] DEBUG o.a.p.ModelValidator:62 - Validating with EApplicationHandler: [sharknado.project.weatherapp.WeatherAppGlobal]
13:07:39.920 [Daemon worker Thread 21] DEBUG o.a.p.ModelValidator:62 - Validating with EActivityHandler: [sharknado.project.weatherapp.Login, sharknado.project.weatherapp.OpenAppScreen, sharknado.project.weatherapp.Register, sharknado.project.weatherapp.Weather]
13:07:39.922 [Daemon worker Thread 21] DEBUG o.a.p.ModelValidator:62 - Validating with ViewByIdHandler: [createAccount, create_account_check, userName, passWord, email]
13:07:39.923 [Daemon worker Thread 21] DEBUG o.a.p.ModelValidator:62 - Validating with ClickHandler: [createAccount(), createAccount()]
13:07:39.924 [Daemon worker Thread 21] DEBUG o.a.p.ModelValidator:62 - Validating with AppHandler: [App]
13:07:39.930 [Daemon worker Thread 21] INFO  o.a.p.ModelProcessor:74 - Processing root elements
13:07:39.930 [Daemon worker Thread 21] DEBUG o.a.p.ModelProcessor:176 - Processing root elements EApplicationHandler: [sharknado.project.weatherapp.WeatherAppGlobal]
13:07:39.940 [Daemon worker Thread 21] DEBUG o.a.p.ModelProcessor:176 - Processing root elements EActivityHandler: [sharknado.project.weatherapp.Register, sharknado.project.weatherapp.Login, sharknado.project.weatherapp.Weather, sharknado.project.weatherapp.OpenAppScreen]
13:07:39.952 [Daemon worker Thread 21] INFO  o.a.p.ModelProcessor:86 - Processing enclosed elements
13:07:39.954 [Daemon worker Thread 21] INFO  o.a.AndroidAnnotationProcessor:249 - Number of files generated by AndroidAnnotations: 5
13:07:39.955 [Daemon worker Thread 21] INFO  o.a.g.ApiCodeGenerator:52 - Writting following API classes in project: []
13:07:39.956 [Daemon worker Thread 21] DEBUG o.a.g.SourceCodewriter:55 - Generating class: sharknado.project.weatherapp.Login_
13:07:39.968 [Daemon worker Thread 21] DEBUG o.a.g.SourceCodewriter:55 - Generating class: sharknado.project.weatherapp.OpenAppScreen_
13:07:39.975 [Daemon worker Thread 21] DEBUG o.a.g.SourceCodewriter:55 - Generating class: sharknado.project.weatherapp.Register_
13:07:39.985 [Daemon worker Thread 21] DEBUG o.a.g.SourceCodewriter:55 - Generating class: sharknado.project.weatherapp.WeatherAppGlobal_
13:07:39.987 [Daemon worker Thread 21] DEBUG o.a.g.SourceCodewriter:55 - Generating class: sharknado.project.weatherapp.Weather_
13:07:39.994 [Daemon worker Thread 21] INFO  o.a.p.TimeStats:81 - Time measurements: [Whole Processing = 94 ms], [Generate Sources = 40 ms], [Process Annotations = 29 ms], [Find R Classes = 8 ms], [Validate Annotations = 6 ms], [Extract Manifest = 3 ms], [Extract Annotations = 1 ms], 
13:07:39.994 [Daemon worker Thread 21] INFO  o.a.AndroidAnnotationProcessor:121 - Finish processing
13:43:49.789 [Daemon worker Thread 22] INFO  o.a.AndroidAnnotationProcessor:83 - Initialize AndroidAnnotations 3.3.2 with options {androidManifestFile=D:\My Projects\WeatherApps\app\build\intermediates\manifests\full\debug\AndroidManifest.xml, resourcePackageName=sharknado.project.weatherapp}
13:43:49.836 [Daemon worker Thread 22] INFO  o.a.AndroidAnnotationProcessor:107 - Start processing for 5 annotations on 10 elements
13:43:49.839 [Daemon worker Thread 22] DEBUG o.a.h.AndroidManifestFinder:98 - AndroidManifest.xml file found with specified path: D:\My Projects\WeatherApps\app\build\intermediates\manifests\full\debug\AndroidManifest.xml
13:43:49.841 [Daemon worker Thread 22] INFO  o.a.AndroidAnnotationProcessor:170 - AndroidManifest.xml found: AndroidManifest [applicationPackage=sharknado.project.weatherapp, componentQualifiedNames=[sharknado.project.weatherapp.OpenAppScreen_, sharknado.project.weatherapp.Login_, sharknado.project.weatherapp.Register_, sharknado.project.weatherapp.Weather_], permissionQualifiedNames=[android.permission.INTERNET, android.permission.ACCESS_NETWORK_STATE], applicationClassName=sharknado.project.weatherapp.WeatherAppGlobal_, libraryProject=false, debugabble=false, minSdkVersion=16, maxSdkVersion=-1, targetSdkVersion=21]
13:43:49.842 [Daemon worker Thread 22] INFO  o.a.r.ProjectRClassFinder:50 - Found project R class: sharknado.project.weatherapp.R
13:43:49.845 [Daemon worker Thread 22] INFO  o.a.r.AndroidRClassFinder:44 - Found Android class: android.R
13:43:49.855 [Daemon worker Thread 22] INFO  o.a.p.ModelValidator:42 - Validating elements
13:43:49.855 [Daemon worker Thread 22] DEBUG o.a.p.ModelValidator:62 - Validating with EApplicationHandler: [sharknado.project.weatherapp.WeatherAppGlobal]
13:43:49.856 [Daemon worker Thread 22] DEBUG o.a.p.ModelValidator:62 - Validating with EActivityHandler: [sharknado.project.weatherapp.Login, sharknado.project.weatherapp.OpenAppScreen, sharknado.project.weatherapp.Register, sharknado.project.weatherapp.Weather]
13:43:49.858 [Daemon worker Thread 22] DEBUG o.a.p.ModelValidator:62 - Validating with ViewByIdHandler: [logingButton, txtUNField, txtPWField, createAccount, logInButton, create_account_check, userName, passWord, email]
13:43:49.860 [Daemon worker Thread 22] DEBUG o.a.p.ModelValidator:62 - Validating with ClickHandler: [logMeInScotty(), createAccount(), login(), createAccount()]
13:43:49.862 [Daemon worker Thread 22] DEBUG o.a.p.ModelValidator:62 - Validating with AppHandler: [App]
13:43:49.869 [Daemon worker Thread 22] INFO  o.a.p.ModelProcessor:74 - Processing root elements
13:43:49.870 [Daemon worker Thread 22] DEBUG o.a.p.ModelProcessor:176 - Processing root elements EApplicationHandler: [sharknado.project.weatherapp.WeatherAppGlobal]
13:43:49.882 [Daemon worker Thread 22] DEBUG o.a.p.ModelProcessor:176 - Processing root elements EActivityHandler: [sharknado.project.weatherapp.Register, sharknado.project.weatherapp.Login, sharknado.project.weatherapp.OpenAppScreen, sharknado.project.weatherapp.Weather]
13:43:49.899 [Daemon worker Thread 22] INFO  o.a.p.ModelProcessor:86 - Processing enclosed elements
13:43:49.902 [Daemon worker Thread 22] INFO  o.a.AndroidAnnotationProcessor:249 - Number of files generated by AndroidAnnotations: 5
13:43:49.904 [Daemon worker Thread 22] INFO  o.a.g.ApiCodeGenerator:52 - Writting following API classes in project: []
13:43:49.905 [Daemon worker Thread 22] DEBUG o.a.g.SourceCodewriter:55 - Generating class: sharknado.project.weatherapp.Login_
13:43:49.923 [Daemon worker Thread 22] DEBUG o.a.g.SourceCodewriter:55 - Generating class: sharknado.project.weatherapp.OpenAppScreen_
13:43:49.934 [Daemon worker Thread 22] DEBUG o.a.g.SourceCodewriter:55 - Generating class: sharknado.project.weatherapp.Register_
13:43:49.946 [Daemon worker Thread 22] DEBUG o.a.g.SourceCodewriter:55 - Generating class: sharknado.project.weatherapp.WeatherAppGlobal_
13:43:49.949 [Daemon worker Thread 22] DEBUG o.a.g.SourceCodewriter:55 - Generating class: sharknado.project.weatherapp.Weather_
13:43:49.958 [Daemon worker Thread 22] INFO  o.a.p.TimeStats:81 - Time measurements: [Whole Processing = 122 ms], [Generate Sources = 56 ms], [Process Annotations = 40 ms], [Find R Classes = 8 ms], [Validate Annotations = 7 ms], [Extract Manifest = 3 ms], [Extract Annotations = 2 ms], 
13:43:49.958 [Daemon worker Thread 22] INFO  o.a.AndroidAnnotationProcessor:121 - Finish processing
